<?xml version="1.0" encoding="UTF-8"?>
<!-- Generated by org.testng.reporters.JUnitReportReporter -->
<testsuite hostname="L10ASO-PF1SH4PW" failures="0" tests="1" name="Practice.AppTest" time="0.024" errors="0" timestamp="2020-03-22T12:49:10 IST" skipped="0">
  <testcase classname="Practice.AppTest" name="add" time="0.024"/>
  <system-out/>
</testsuite> <!-- Practice.AppTest -->
